<?xml version="1.0" encoding="UTF-8"?>
<!-- Generated by org.testng.reporters.JUnitReportReporter -->
<testsuite skipped="0" hostname="XYZ-PC" name="qsp.DemoA" tests="1" failures="0" timestamp="12 Oct 2017 02:53:08 GMT" time="16.156" errors="0">
  <testcase name="TestA" time="16.156" classname="qsp.DemoA"/>
</testsuite> <!-- qsp.DemoA -->
