<?xml version="1.0" encoding="UTF-8"?>
<!-- Generated by org.testng.reporters.JUnitReportReporter -->
<testsuite skipped="0" hostname="XYZ-PC" name="qsp.DemoC" tests="1" failures="0" timestamp="12 Oct 2017 02:22:15 GMT" time="18.082" errors="0">
  <testcase name="test1" time="18.082" classname="qsp.DemoC"/>
</testsuite> <!-- qsp.DemoC -->
